<?xml version="1.0" encoding="UTF-8"?>
<testng-results ignored="0" total="5" passed="5" failed="0" skipped="0">
  <reporter-output>
  </reporter-output>
  <suite started-at="2025-08-18T13:07:35 IST" name="CucumberParallelSuite" finished-at="2025-08-18T13:08:09 IST" duration-ms="33417">
    <groups>
      <group name="cucumber">
        <method signature="AbstractTestNGCucumberTests.runScenario(io.cucumber.testng.PickleWrapper,io.cucumber.testng.FeatureWrapper)[pri:0, instance:Runners.Runner@2bd08376]" name="runScenario" class="io.cucumber.testng.AbstractTestNGCucumberTests"/>
        <method signature="AbstractTestNGCucumberTests.runScenario(io.cucumber.testng.PickleWrapper,io.cucumber.testng.FeatureWrapper)[pri:0, instance:Runners.Runner1@7f132176]" name="runScenario" class="io.cucumber.testng.AbstractTestNGCucumberTests"/>
        <method signature="AbstractTestNGCucumberTests.runScenario(io.cucumber.testng.PickleWrapper,io.cucumber.testng.FeatureWrapper)[pri:0, instance:Runners.Runner2@19835e64]" name="runScenario" class="io.cucumber.testng.AbstractTestNGCucumberTests"/>
      </group> <!-- cucumber -->
    </groups>
    <test started-at="2025-08-18T13:07:35 IST" name="Login Feature" finished-at="2025-08-18T13:08:09 IST" duration-ms="33101">
      <class name="Runners.Runner">
        <test-method is-config="true" signature="setUpClass(org.testng.ITestContext)[pri:0, instance:Runners.Runner@2bd08376]" started-at="2025-08-18T13:07:36 IST" name="setUpClass" finished-at="2025-08-18T13:07:37 IST" duration-ms="1337" status="PASS">
          <params>
            <param index="0">
              <value>
                <![CDATA[org.testng.TestRunner@16c63f5]]>
              </value>
            </param>
          </params>
          <reporter-output>
          </reporter-output>
        </test-method> <!-- setUpClass -->
        <test-method signature="runScenario(io.cucumber.testng.PickleWrapper,io.cucumber.testng.FeatureWrapper)[pri:0, instance:Runners.Runner@2bd08376]" started-at="2025-08-18T13:07:37 IST" name="runScenario" description="Runs Cucumber Scenarios" data-provider="scenarios" finished-at="2025-08-18T13:08:09 IST" duration-ms="31609" status="PASS">
          <params>
            <param index="0">
              <value>
                <![CDATA["Validating Cart page"]]>
              </value>
            </param>
            <param index="1">
              <value>
                <![CDATA["Cart Page"]]>
              </value>
            </param>
          </params>
          <reporter-output>
          </reporter-output>
        </test-method> <!-- runScenario -->
        <test-method is-config="true" signature="tearDownClass()[pri:0, instance:Runners.Runner@2bd08376]" started-at="2025-08-18T13:08:09 IST" name="tearDownClass" finished-at="2025-08-18T13:08:09 IST" duration-ms="74" status="PASS">
          <reporter-output>
          </reporter-output>
        </test-method> <!-- tearDownClass -->
      </class> <!-- Runners.Runner -->
    </test> <!-- Login Feature -->
    <test started-at="2025-08-18T13:07:35 IST" name="Checkout Feature" finished-at="2025-08-18T13:08:09 IST" duration-ms="33114">
      <class name="Runners.Runner1">
        <test-method is-config="true" signature="setUpClass(org.testng.ITestContext)[pri:0, instance:Runners.Runner1@7f132176]" started-at="2025-08-18T13:07:36 IST" name="setUpClass" finished-at="2025-08-18T13:07:37 IST" duration-ms="1332" status="PASS">
          <params>
            <param index="0">
              <value>
                <![CDATA[org.testng.TestRunner@35229f85]]>
              </value>
            </param>
          </params>
          <reporter-output>
          </reporter-output>
        </test-method> <!-- setUpClass -->
        <test-method signature="runScenario(io.cucumber.testng.PickleWrapper,io.cucumber.testng.FeatureWrapper)[pri:0, instance:Runners.Runner1@7f132176]" started-at="2025-08-18T13:07:37 IST" name="runScenario" description="Runs Cucumber Scenarios" data-provider="scenarios" finished-at="2025-08-18T13:08:09 IST" duration-ms="31671" status="PASS">
          <params>
            <param index="0">
              <value>
                <![CDATA["Add a product to the cart"]]>
              </value>
            </param>
            <param index="1">
              <value>
                <![CDATA["Inventory Page"]]>
              </value>
            </param>
          </params>
          <reporter-output>
          </reporter-output>
        </test-method> <!-- runScenario -->
        <test-method is-config="true" signature="tearDownClass()[pri:0, instance:Runners.Runner1@7f132176]" started-at="2025-08-18T13:08:09 IST" name="tearDownClass" finished-at="2025-08-18T13:08:09 IST" duration-ms="27" status="PASS">
          <reporter-output>
          </reporter-output>
        </test-method> <!-- tearDownClass -->
      </class> <!-- Runners.Runner1 -->
    </test> <!-- Checkout Feature -->
    <test started-at="2025-08-18T13:07:35 IST" name="Search Feature" finished-at="2025-08-18T13:08:09 IST" duration-ms="33409">
      <class name="Runners.Runner2">
        <test-method is-config="true" signature="setUpClass(org.testng.ITestContext)[pri:0, instance:Runners.Runner2@19835e64]" started-at="2025-08-18T13:07:36 IST" name="setUpClass" finished-at="2025-08-18T13:07:37 IST" duration-ms="1336" status="PASS">
          <params>
            <param index="0">
              <value>
                <![CDATA[org.testng.TestRunner@6d3c5255]]>
              </value>
            </param>
          </params>
          <reporter-output>
          </reporter-output>
        </test-method> <!-- setUpClass -->
        <test-method signature="runScenario(io.cucumber.testng.PickleWrapper,io.cucumber.testng.FeatureWrapper)[pri:0, instance:Runners.Runner2@19835e64]" started-at="2025-08-18T13:07:37 IST" name="runScenario" description="Runs Cucumber Scenarios" data-provider="scenarios" finished-at="2025-08-18T13:08:08 IST" duration-ms="31540" status="PASS">
          <params>
            <param index="0">
              <value>
                <![CDATA["Successful login with valid credentials"]]>
              </value>
            </param>
            <param index="1">
              <value>
                <![CDATA["Swag Labs Login"]]>
              </value>
            </param>
          </params>
          <reporter-output>
          </reporter-output>
        </test-method> <!-- runScenario -->
        <test-method signature="runScenario(io.cucumber.testng.PickleWrapper,io.cucumber.testng.FeatureWrapper)[pri:0, instance:Runners.Runner2@19835e64]" started-at="2025-08-18T13:07:37 IST" name="runScenario" description="Runs Cucumber Scenarios" data-provider="scenarios" finished-at="2025-08-18T13:08:08 IST" duration-ms="31600" status="PASS">
          <params>
            <param index="0">
              <value>
                <![CDATA["Login with Invalid Credentials"]]>
              </value>
            </param>
            <param index="1">
              <value>
                <![CDATA["Swag Labs Login"]]>
              </value>
            </param>
          </params>
          <reporter-output>
          </reporter-output>
        </test-method> <!-- runScenario -->
        <test-method signature="runScenario(io.cucumber.testng.PickleWrapper,io.cucumber.testng.FeatureWrapper)[pri:0, instance:Runners.Runner2@19835e64]" started-at="2025-08-18T13:07:37 IST" name="runScenario" description="Runs Cucumber Scenarios" data-provider="scenarios" finished-at="2025-08-18T13:08:09 IST" duration-ms="31970" status="PASS">
          <params>
            <param index="0">
              <value>
                <![CDATA["get The Title"]]>
              </value>
            </param>
            <param index="1">
              <value>
                <![CDATA["Swag Labs Login"]]>
              </value>
            </param>
          </params>
          <reporter-output>
          </reporter-output>
        </test-method> <!-- runScenario -->
        <test-method is-config="true" signature="tearDownClass()[pri:0, instance:Runners.Runner2@19835e64]" started-at="2025-08-18T13:08:09 IST" name="tearDownClass" finished-at="2025-08-18T13:08:09 IST" duration-ms="33" status="PASS">
          <reporter-output>
          </reporter-output>
        </test-method> <!-- tearDownClass -->
      </class> <!-- Runners.Runner2 -->
    </test> <!-- Search Feature -->
  </suite> <!-- CucumberParallelSuite -->
</testng-results>
